Initiating legacy licensing module
LICENSE SYSTEM [2019728 21:53:30] Next license update check is after 2019-07-29T19:12:35

[Package Manager] Server::Start -- Port 38846 was selected

 COMMAND LINE ARGUMENTS:
/home/mario/Unity/Hub/Editor/2018.3.14f1/Editor/Unity
-quit
-batchmode
-logFile
/mnt/raid/git/cs_mp/buildLinux.log
-projectPath
/mnt/raid/git/cs_mp
-executeMethod
Builder.buildLinux
Successfully changed project path to: /mnt/raid/git/cs_mp
/mnt/raid/git/cs_mp
Using Asset Import Pipeline V1.
It looks like another Unity instance is running with this project open.

Multiple Unity instances cannot open the same project.

Project: /mnt/raid/git/cs_mp
 
(Filename: /home/builduser/buildslave/unity/build/Editor/Src/Application/Application.cpp Line: 381)

Fatal Error! It looks like another Unity instance is running with this project open.

Multiple Unity instances cannot open the same project.

Project: /mnt/raid/git/cs_mp

 
(Filename: /home/builduser/buildslave/unity/build/Runtime/Utilities/Argv.cpp Line: 354)


Aborting batchmode due to failure:
Fatal Error! It looks like another Unity instance is running with this project open.

Multiple Unity instances cannot open the same project.

Project: /mnt/raid/git/cs_mp


